#
# A fatal error has been detected by the Java Runtime Environment:
#
#  EXCEPTION_ACCESS_VIOLATION (0xc0000005) at pc=0x0000000066517e28, pid=9612, tid=21112
#
# JRE version: Java(TM) SE Runtime Environment (8.0_66-b18) (build 1.8.0_66-b18)
# Java VM: Java HotSpot(TM) 64-Bit Server VM (25.66-b18 mixed mode windows-amd64 compressed oops)
# Problematic frame:
# V  [jvm.dll+0x3f7e28]
#
# Failed to write core dump. Minidumps are not enabled by default on client versions of Windows
#
# If you would like to submit a bug report, please visit:
#   http://bugreport.java.com/bugreport/crash.jsp
#

---------------  T H R E A D  ---------------

Current thread (0x0000000018676000):  VMThread [stack: 0x000000001a750000,0x000000001a850000] [id=21112]

siginfo: ExceptionCode=0xc0000005, reading address 0xffffffffffffffff

Registers:
RAX=0x0000000013890000, RBX=0x000000003d9817f0, RCX=0x0000000000000000, RDX=0x007fffffffd35bbd
RSP=0x000000001a84f138, RBP=0x000000003d981830, RSI=0x0000000000000000, RDI=0x0000000000000000
R8 =0x0000000000000001, R9 =0x0000000000000006, R10=0x00000000000001fe, R11=0x000000001a84f2a8
R12=0x00000000668e9900, R13=0x00000000666fa018, R14=0x000000006671b6b0, R15=0x00000000668e9830
RIP=0x0000000066517e28, EFLAGS=0x0000000000010202

Top of Stack: (sp=0x000000001a84f138)
0x000000001a84f138:   000000006624ea4a 000000003d9817f0
0x000000001a84f148:   0000000000000000 0000000000007fe8
0x000000001a84f158:   0000000066334add 0000000000000000
0x000000001a84f168:   00000000661b26df 0000000000000001
0x000000001a84f178:   0000000066419bee 0000000003396f00
0x000000001a84f188:   0000000066334db5 0000000018676000
0x000000001a84f198:   000000000833e650 0000000000000000
0x000000001a84f1a8:   00000000661ec4c7 00000000668e9830
0x000000001a84f1b8:   0000000000007fe8 0000000000000010
0x000000001a84f1c8:   0000000000007fd8 0000000000000ff8
0x000000001a84f1d8:   0000000000000ff8 0000000000000000
0x000000001a84f1e8:   0000000068a08d17 0000000000000ff8
0x000000001a84f1f8:   0000000000000ff8 0000000000002000
0x000000001a84f208:   00000000661b0000 000000002f105000
0x000000001a84f218:   000000006620b85b 0000000018675940
0x000000001a84f228:   0000000018675940 000000000000f000 

Instructions: (pc=0x0000000066517e28)
0x0000000066517e08:   0d 5b 31 3c 00 48 c1 ea 03 48 d3 ea 0f b6 c2 48
0x0000000066517e18:   c1 ea 06 24 3f 44 0f b6 c0 48 8b 05 b8 27 41 00
0x0000000066517e28:   48 8b 0c d0 4c 0f a3 c1 0f 92 c0 c3 cc cc cc cc
0x0000000066517e38:   cc cc cc cc cc cc cc cc 48 89 5c 24 08 57 48 83 


Register to memory mapping:

RAX=0x0000000013890000 is an unknown value
RBX=0x000000003d9817f0 is pointing into metadata
RCX=0x0000000000000000 is an unknown value
RDX=0x007fffffffd35bbd is an unknown value
RSP=0x000000001a84f138 is an unknown value
RBP=0x000000003d981830 is pointing into metadata
RSI=0x0000000000000000 is an unknown value
RDI=0x0000000000000000 is an unknown value
R8 =0x0000000000000001 is an unknown value
R9 =0x0000000000000006 is an unknown value
R10=0x00000000000001fe is an unknown value
R11=0x000000001a84f2a8 is an unknown value
R12=0x00000000668e9900 is an unknown value
R13=0x00000000666fa018 is an unknown value
R14=0x000000006671b6b0 is an unknown value
R15=0x00000000668e9830 is an unknown value


Stack: [0x000000001a750000,0x000000001a850000],  sp=0x000000001a84f138,  free space=1020k
Native frames: (J=compiled Java code, j=interpreted, Vv=VM code, C=native code)
V  [jvm.dll+0x3f7e28]

VM_Operation (0x000000003f037ec0): ParallelGCFailedAllocation, mode: safepoint, requested by thread 0x000000001d9d5000


---------------  P R O C E S S  ---------------

Java Threads: ( => current thread )
  0x0000000038097800 JavaThread "clientOutboundChannel-15" [_thread_blocked, id=15292, stack(0x000000004fe60000,0x000000004ff60000)]
  0x000000003809c800 JavaThread "clientOutboundChannel-13" [_thread_blocked, id=22984, stack(0x000000004fc60000,0x000000004fd60000)]
  0x00000000380a3800 JavaThread "pool-5-thread-10" [_thread_blocked, id=14768, stack(0x000000004f960000,0x000000004fa60000)]
  0x000000003809c000 JavaThread "pool-5-thread-9" [_thread_blocked, id=2284, stack(0x000000004f860000,0x000000004f960000)]
  0x000000003809b000 JavaThread "pool-5-thread-8" [_thread_blocked, id=17064, stack(0x000000004f760000,0x000000004f860000)]
  0x00000000380a2000 JavaThread "pool-5-thread-7" [_thread_blocked, id=11944, stack(0x000000004f660000,0x000000004f760000)]
  0x000000003809a800 JavaThread "pool-5-thread-6" [_thread_blocked, id=17680, stack(0x000000004f560000,0x000000004f660000)]
  0x00000000380a1000 JavaThread "pool-5-thread-5" [_thread_blocked, id=10016, stack(0x000000004f460000,0x000000004f560000)]
  0x000000003809f800 JavaThread "pool-5-thread-4" [_thread_blocked, id=20520, stack(0x000000004f360000,0x000000004f460000)]
  0x0000000038099800 JavaThread "pool-5-thread-3" [_thread_blocked, id=22748, stack(0x000000004eb60000,0x000000004ec60000)]
  0x0000000038d37800 JavaThread "JDWP Command Reader" daemon [_thread_in_native, id=13396, stack(0x000000004ea60000,0x000000004eb60000)]
  0x0000000038f35000 JavaThread "pool-5-thread-2" [_thread_blocked, id=7200, stack(0x000000004e760000,0x000000004e860000)]
  0x0000000038f36800 JavaThread "pool-4-thread-2" [_thread_blocked, id=2936, stack(0x000000004e660000,0x000000004e760000)]
  0x0000000038f37000 JavaThread "pool-5-thread-1" [_thread_blocked, id=12156, stack(0x000000004e560000,0x000000004e660000)]
  0x0000000038f35800 JavaThread "pool-4-thread-1" [_thread_blocked, id=7268, stack(0x000000004e460000,0x000000004e560000)]
  0x0000000037ea7800 JavaThread "WeakCollectionCleaner" daemon [_thread_blocked, id=2652, stack(0x00000000447b0000,0x00000000448b0000)]
  0x0000000037ea3000 JavaThread "GT authority factory disposer" daemon [_thread_blocked, id=12400, stack(0x0000000041740000,0x0000000041840000)]
  0x0000000037ea6800 JavaThread "MessageBroker-8" [_thread_blocked, id=7896, stack(0x0000000041440000,0x0000000041540000)]
  0x0000000037ea6000 JavaThread "MessageBroker-7" [_thread_blocked, id=696, stack(0x0000000041140000,0x0000000041240000)]
  0x0000000037ea1800 JavaThread "MessageBroker-6" [_thread_blocked, id=7376, stack(0x0000000040f40000,0x0000000041040000)]
  0x000000001d9db800 JavaThread "MessageBroker-5" [_thread_blocked, id=11984, stack(0x0000000040040000,0x0000000040140000)]
  0x000000001d9de000 JavaThread "WebSocket background processing" daemon [_thread_blocked, id=15808, stack(0x000000003fb40000,0x000000003fc40000)]
  0x000000001d9de800 JavaThread "MessageBroker-4" [_thread_blocked, id=14916, stack(0x000000003fa40000,0x000000003fb40000)]
  0x000000001d9dc800 JavaThread "MessageBroker-3" [_thread_blocked, id=18272, stack(0x000000003f940000,0x000000003fa40000)]
  0x000000001d9df800 JavaThread "MessageBroker-2" [_thread_blocked, id=6420, stack(0x000000003f840000,0x000000003f940000)]
  0x000000001d9da000 JavaThread "http-nio-8283-AsyncTimeout" daemon [_thread_blocked, id=16636, stack(0x000000003f740000,0x000000003f840000)]
  0x000000001d9d2000 JavaThread "http-nio-8283-Acceptor-0" daemon [_thread_in_native, id=12104, stack(0x000000003f640000,0x000000003f740000)]
  0x000000001d9d6800 JavaThread "http-nio-8283-ClientPoller-1" daemon [_thread_blocked, id=7984, stack(0x000000003f540000,0x000000003f640000)]
  0x000000001d9d4000 JavaThread "http-nio-8283-ClientPoller-0" daemon [_thread_blocked, id=18312, stack(0x000000003f440000,0x000000003f540000)]
  0x000000001d9d2800 JavaThread "http-nio-8283-exec-10" daemon [_thread_blocked, id=21280, stack(0x000000003f340000,0x000000003f440000)]
  0x000000001d9d5800 JavaThread "http-nio-8283-exec-9" daemon [_thread_blocked, id=10392, stack(0x000000003f240000,0x000000003f340000)]
  0x000000001d9d8800 JavaThread "http-nio-8283-exec-8" daemon [_thread_blocked, id=18956, stack(0x000000003f140000,0x000000003f240000)]
  0x000000001d9d8000 JavaThread "http-nio-8283-exec-7" daemon [_thread_blocked, id=23248, stack(0x000000003f040000,0x000000003f140000)]
  0x000000001d9d5000 JavaThread "http-nio-8283-exec-6" daemon [_thread_blocked, id=22068, stack(0x000000003ef40000,0x000000003f040000)]
  0x000000001d9d1000 JavaThread "http-nio-8283-exec-5" daemon [_thread_blocked, id=19596, stack(0x000000003ee40000,0x000000003ef40000)]
  0x000000001d9d7000 JavaThread "http-nio-8283-exec-4" daemon [_thread_blocked, id=2972, stack(0x000000003ed40000,0x000000003ee40000)]
  0x0000000038854000 JavaThread "http-nio-8283-exec-3" daemon [_thread_blocked, id=19004, stack(0x000000003ec40000,0x000000003ed40000)]
  0x0000000038853000 JavaThread "http-nio-8283-exec-2" daemon [_thread_blocked, id=16852, stack(0x000000003eb40000,0x000000003ec40000)]
  0x000000002764f000 JavaThread "http-nio-8283-exec-1" daemon [_thread_blocked, id=5644, stack(0x000000003ea40000,0x000000003eb40000)]
  0x0000000027649800 JavaThread "NioBlockingSelector.BlockPoller-1" daemon [_thread_blocked, id=19496, stack(0x000000003e940000,0x000000003ea40000)]
  0x0000000038851800 JavaThread "MessageBroker-1" [_thread_blocked, id=6932, stack(0x000000003e840000,0x000000003e940000)]
  0x0000000038850800 JavaThread "container-0" [_thread_blocked, id=14228, stack(0x000000003e740000,0x000000003e840000)]
  0x0000000038847800 JavaThread "ContainerBackgroundProcessor[StandardEngine[Tomcat]]" daemon [_thread_blocked, id=6732, stack(0x000000003e640000,0x000000003e740000)]
  0x000000003884d800 JavaThread "SimplePauseDetectorThread_0" daemon [_thread_blocked, id=16612, stack(0x000000003e540000,0x000000003e640000)]
  0x000000003884e800 JavaThread "Thread-166" daemon [_thread_blocked, id=21376, stack(0x000000003e440000,0x000000003e540000)]
  0x000000003884a000 JavaThread "pool-1-thread-1" [_thread_blocked, id=21932, stack(0x000000003df40000,0x000000003e040000)]
  0x0000000038847000 JavaThread "MVStore background writer nio:C:\Users\ferdinando.villa\.klab\localresources.db" daemon [_thread_blocked, id=11068, stack(0x000000003cb40000,0x000000003cc40000)]
  0x000000002764b000 JavaThread "NRT Reopen Thread" daemon [_thread_blocked, id=2488, stack(0x0000000031640000,0x0000000031740000)]
  0x000000002764e000 JavaThread "D3D Screen Updater" daemon [_thread_blocked, id=8436, stack(0x000000002a2b0000,0x000000002a3b0000)]
  0x000000002764d800 JavaThread "DestroyJavaVM" [_thread_blocked, id=22952, stack(0x0000000003510000,0x0000000003610000)]
  0x000000002764f800 JavaThread "TimerQueue" daemon [_thread_blocked, id=8276, stack(0x000000002a0b0000,0x000000002a1b0000)]
  0x0000000027650800 JavaThread "com.google.inject.internal.util.$Finalizer" daemon [_thread_blocked, id=21696, stack(0x0000000028be0000,0x0000000028ce0000)]
  0x000000001db11800 JavaThread "EMF Reference Cleaner" daemon [_thread_blocked, id=18068, stack(0x00000000272f0000,0x00000000273f0000)]
  0x000000001cabb800 JavaThread "AWT-EventQueue-0" [_thread_blocked, id=21380, stack(0x000000001e120000,0x000000001e220000)]
  0x000000001cabb000 JavaThread "AWT-Windows" daemon [_thread_in_native, id=13960, stack(0x000000001e020000,0x000000001e120000)]
  0x000000001cb6a000 JavaThread "AWT-Shutdown" [_thread_blocked, id=3120, stack(0x000000001df20000,0x000000001e020000)]
  0x000000001cb69800 JavaThread "Java2D Disposer" daemon [_thread_blocked, id=21396, stack(0x000000001de20000,0x000000001df20000)]
  0x0000000019ae8000 JavaThread "Service Thread" daemon [_thread_blocked, id=12892, stack(0x000000001b340000,0x000000001b440000)]
  0x0000000019a6d800 JavaThread "C1 CompilerThread3" daemon [_thread_blocked, id=12736, stack(0x000000001b240000,0x000000001b340000)]
  0x0000000019a6c000 JavaThread "C2 CompilerThread2" daemon [_thread_blocked, id=10824, stack(0x000000001b140000,0x000000001b240000)]
  0x0000000019a66000 JavaThread "C2 CompilerThread1" daemon [_thread_blocked, id=2544, stack(0x000000001b040000,0x000000001b140000)]
  0x0000000019a62000 JavaThread "C2 CompilerThread0" daemon [_thread_blocked, id=6372, stack(0x000000001af40000,0x000000001b040000)]
  0x0000000019a53800 JavaThread "JDWP Event Helper Thread" daemon [_thread_blocked, id=20420, stack(0x000000001ae40000,0x000000001af40000)]
  0x00000000199fb000 JavaThread "JDWP Transport Listener: dt_socket" daemon [_thread_blocked, id=22472, stack(0x000000001ad40000,0x000000001ae40000)]
  0x00000000199f4800 JavaThread "Attach Listener" daemon [_thread_blocked, id=10292, stack(0x000000001ac40000,0x000000001ad40000)]
  0x00000000199f3800 JavaThread "Signal Dispatcher" daemon [_thread_blocked, id=22912, stack(0x000000001ab40000,0x000000001ac40000)]
  0x0000000018681000 JavaThread "Finalizer" daemon [_thread_blocked, id=11964, stack(0x000000001a950000,0x000000001aa50000)]
  0x000000001867a800 JavaThread "Reference Handler" daemon [_thread_blocked, id=9540, stack(0x000000001a850000,0x000000001a950000)]

Other Threads:
=>0x0000000018676000 VMThread [stack: 0x000000001a750000,0x000000001a850000] [id=21112]
  0x0000000019b7b000 WatcherThread [stack: 0x000000001b440000,0x000000001b540000] [id=13556]

VM state:at safepoint (normal execution)

VM Mutex/Monitor currently owned by a thread:  ([mutex/lock_event])
[0x0000000003396300] Threads_lock - owner thread: 0x0000000018676000
[0x0000000003396a80] Heap_lock - owner thread: 0x000000001d9d5000

Heap:
 PSYoungGen      total 570368K, used 62973K [0x00000000d5580000, 0x0000000100000000, 0x0000000100000000)
  eden space 507392K, 0% used [0x00000000d5580000,0x00000000d5580000,0x00000000f4500000)
  from space 62976K, 99% used [0x00000000fc280000,0x00000000fffff4e0,0x0000000100000000)
  to   space 95744K, 0% used [0x00000000f4500000,0x00000000f4500000,0x00000000fa280000)
 ParOldGen       total 680960K, used 661087K [0x0000000080000000, 0x00000000a9900000, 0x00000000d5580000)
  object space 680960K, 97% used [0x0000000080000000,0x00000000a8597d98,0x00000000a9900000)
 Metaspace       used 141514K, capacity 145860K, committed 145920K, reserved 1177600K
  class space    used 17194K, capacity 17917K, committed 17920K, reserved 1048576K

Card table byte_map: [0x00000000129d0000,0x0000000012de0000] byte_map_base: 0x00000000125d0000

Marking Bits: (ParMarkBitMap*) 0x000000006692a5b0
 Begin Bits: [0x0000000013890000, 0x0000000015890000)
 End Bits:   [0x0000000015890000, 0x0000000017890000)

Polling page: 0x0000000003200000

CodeCache: size=245760Kb used=80514Kb max_used=80533Kb free=165245Kb
 bounds [0x0000000003610000, 0x0000000008520000, 0x0000000012610000]
 total_blobs=21290 nmethods=20083 adapters=1124
 compilation: enabled

Compilation events (10 events):
Event: 876.752 Thread 0x0000000019a6d800 nmethod 27251 0x000000000850d890 code [0x000000000850da00, 0x000000000850dcb0]
Event: 876.765 Thread 0x0000000019a6d800 27252       3       org.geotools.referencing.AbstractIdentifiedObject::nameMatches (28 bytes)
Event: 876.766 Thread 0x0000000019a6d800 nmethod 27252 0x000000000850cf10 code [0x000000000850d0c0, 0x000000000850d6d8]
Event: 876.768 Thread 0x0000000019a6d800 27253       3       org.geotools.parameter.Parameter::getDescriptor (5 bytes)
Event: 876.768 Thread 0x0000000019a6d800 nmethod 27253 0x0000000005527150 code [0x00000000055272c0, 0x0000000005527590]
Event: 876.768 Thread 0x0000000019a62000 27254       4       it.geosolutions.jaiext.utilities.ImageUtilities::rool (143 bytes)
Event: 876.770 Thread 0x0000000019a6d800 27255       1       it.geosolutions.jaiext.range.RangeDouble::getDataType (4 bytes)
Event: 876.770 Thread 0x0000000019a6d800 nmethod 27255 0x0000000004273a90 code [0x0000000004273be0, 0x0000000004273cf0]
Event: 876.771 Thread 0x0000000019a62000 nmethod 27254 0x0000000005549e50 code [0x0000000005549fc0, 0x000000000554a278]
Event: 876.781 Thread 0x0000000019a6c000 nmethod 27250 0x0000000008517c90 code [0x0000000008517ec0, 0x0000000008519920]

GC Heap History (10 events):
Event: 815.609 GC heap after
Heap after GC invocations=95 (full 5):
 PSYoungGen      total 623616K, used 11228K [0x00000000d5580000, 0x00000000ff580000, 0x0000000100000000)
  eden space 573440K, 0% used [0x00000000d5580000,0x00000000d5580000,0x00000000f8580000)
  from space 50176K, 22% used [0x00000000fc480000,0x00000000fcf770a0,0x00000000ff580000)
  to   space 57344K, 0% used [0x00000000f8580000,0x00000000f8580000,0x00000000fbd80000)
 ParOldGen       total 680960K, used 558753K [0x0000000080000000, 0x00000000a9900000, 0x00000000d5580000)
  object space 680960K, 82% used [0x0000000080000000,0x00000000a21a84a8,0x00000000a9900000)
 Metaspace       used 141397K, capacity 145648K, committed 145664K, reserved 1177600K
  class space    used 17191K, capacity 17914K, committed 17920K, reserved 1048576K
}
Event: 841.965 GC heap before
{Heap before GC invocations=96 (full 5):
 PSYoungGen      total 623616K, used 584668K [0x00000000d5580000, 0x00000000ff580000, 0x0000000100000000)
  eden space 573440K, 100% used [0x00000000d5580000,0x00000000f8580000,0x00000000f8580000)
  from space 50176K, 22% used [0x00000000fc480000,0x00000000fcf770a0,0x00000000ff580000)
  to   space 57344K, 0% used [0x00000000f8580000,0x00000000f8580000,0x00000000fbd80000)
 ParOldGen       total 680960K, used 558753K [0x0000000080000000, 0x00000000a9900000, 0x00000000d5580000)
  object space 680960K, 82% used [0x0000000080000000,0x00000000a21a84a8,0x00000000a9900000)
 Metaspace       used 141436K, capacity 145726K, committed 145920K, reserved 1177600K
  class space    used 17193K, capacity 17916K, committed 17920K, reserved 1048576K
Event: 841.972 GC heap after
Heap after GC invocations=96 (full 5):
 PSYoungGen      total 630784K, used 14020K [0x00000000d5580000, 0x00000000ffc80000, 0x0000000100000000)
  eden space 573440K, 0% used [0x00000000d5580000,0x00000000d5580000,0x00000000f8580000)
  from space 57344K, 24% used [0x00000000f8580000,0x00000000f93310f0,0x00000000fbd80000)
  to   space 53760K, 0% used [0x00000000fc800000,0x00000000fc800000,0x00000000ffc80000)
 ParOldGen       total 680960K, used 558761K [0x0000000080000000, 0x00000000a9900000, 0x00000000d5580000)
  object space 680960K, 82% used [0x0000000080000000,0x00000000a21aa4a8,0x00000000a9900000)
 Metaspace       used 141436K, capacity 145726K, committed 145920K, reserved 1177600K
  class space    used 17193K, capacity 17916K, committed 17920K, reserved 1048576K
}
Event: 872.671 GC heap before
{Heap before GC invocations=97 (full 5):
 PSYoungGen      total 630784K, used 587460K [0x00000000d5580000, 0x00000000ffc80000, 0x0000000100000000)
  eden space 573440K, 100% used [0x00000000d5580000,0x00000000f8580000,0x00000000f8580000)
  from space 57344K, 24% used [0x00000000f8580000,0x00000000f93310f0,0x00000000fbd80000)
  to   space 53760K, 0% used [0x00000000fc800000,0x00000000fc800000,0x00000000ffc80000)
 ParOldGen       total 680960K, used 558761K [0x0000000080000000, 0x00000000a9900000, 0x00000000d5580000)
  object space 680960K, 82% used [0x0000000080000000,0x00000000a21aa4a8,0x00000000a9900000)
 Metaspace       used 141466K, capacity 145726K, committed 145920K, reserved 1177600K
  class space    used 17193K, capacity 17916K, committed 17920K, reserved 1048576K
Event: 872.690 GC heap after
Heap after GC invocations=97 (full 5):
 PSYoungGen      total 636928K, used 37703K [0x00000000d5580000, 0x0000000100000000, 0x0000000100000000)
  eden space 583168K, 0% used [0x00000000d5580000,0x00000000d5580000,0x00000000f8f00000)
  from space 53760K, 70% used [0x00000000fc800000,0x00000000fecd1dd0,0x00000000ffc80000)
  to   space 57856K, 0% used [0x00000000f8f00000,0x00000000f8f00000,0x00000000fc780000)
 ParOldGen       total 680960K, used 603231K [0x0000000080000000, 0x00000000a9900000, 0x00000000d5580000)
  object space 680960K, 88% used [0x0000000080000000,0x00000000a4d17e48,0x00000000a9900000)
 Metaspace       used 141466K, capacity 145726K, committed 145920K, reserved 1177600K
  class space    used 17193K, capacity 17916K, committed 17920K, reserved 1048576K
}
Event: 873.497 GC heap before
{Heap before GC invocations=98 (full 5):
 PSYoungGen      total 636928K, used 620423K [0x00000000d5580000, 0x0000000100000000, 0x0000000100000000)
  eden space 583168K, 99% used [0x00000000d5580000,0x00000000f8e8ffc0,0x00000000f8f00000)
  from space 53760K, 70% used [0x00000000fc800000,0x00000000fecd1dd0,0x00000000ffc80000)
  to   space 57856K, 0% used [0x00000000f8f00000,0x00000000f8f00000,0x00000000fc780000)
 ParOldGen       total 680960K, used 603231K [0x0000000080000000, 0x00000000a9900000, 0x00000000d5580000)
  object space 680960K, 88% used [0x0000000080000000,0x00000000a4d17e48,0x00000000a9900000)
 Metaspace       used 141503K, capacity 145854K, committed 145920K, reserved 1177600K
  class space    used 17193K, capacity 17916K, committed 17920K, reserved 1048576K
Event: 873.508 GC heap after
Heap after GC invocations=98 (full 5):
 PSYoungGen      total 625152K, used 41508K [0x00000000d5580000, 0x0000000100000000, 0x0000000100000000)
  eden space 583168K, 0% used [0x00000000d5580000,0x00000000d5580000,0x00000000f8f00000)
  from space 41984K, 98% used [0x00000000f8f00000,0x00000000fb789050,0x00000000fb800000)
  to   space 62976K, 0% used [0x00000000fc280000,0x00000000fc280000,0x0000000100000000)
 ParOldGen       total 680960K, used 603239K [0x0000000080000000, 0x00000000a9900000, 0x00000000d5580000)
  object space 680960K, 88% used [0x0000000080000000,0x00000000a4d19e48,0x00000000a9900000)
 Metaspace       used 141503K, capacity 145854K, committed 145920K, reserved 1177600K
  class space    used 17193K, capacity 17916K, committed 17920K, reserved 1048576K
}
Event: 877.015 GC heap before
{Heap before GC invocations=99 (full 5):
 PSYoungGen      total 625152K, used 624672K [0x00000000d5580000, 0x0000000100000000, 0x0000000100000000)
  eden space 583168K, 99% used [0x00000000d5580000,0x00000000f8eff120,0x00000000f8f00000)
  from space 41984K, 98% used [0x00000000f8f00000,0x00000000fb789050,0x00000000fb800000)
  to   space 62976K, 0% used [0x00000000fc280000,0x00000000fc280000,0x0000000100000000)
 ParOldGen       total 680960K, used 603239K [0x0000000080000000, 0x00000000a9900000, 0x00000000d5580000)
  object space 680960K, 88% used [0x0000000080000000,0x00000000a4d19e48,0x00000000a9900000)
 Metaspace       used 141514K, capacity 145860K, committed 145920K, reserved 1177600K
  class space    used 17194K, capacity 17917K, committed 17920K, reserved 1048576K
Event: 877.036 GC heap after
Heap after GC invocations=99 (full 5):
 PSYoungGen      total 570368K, used 62973K [0x00000000d5580000, 0x0000000100000000, 0x0000000100000000)
  eden space 507392K, 0% used [0x00000000d5580000,0x00000000d5580000,0x00000000f4500000)
  from space 62976K, 99% used [0x00000000fc280000,0x00000000fffff4e0,0x0000000100000000)
  to   space 95744K, 0% used [0x00000000f4500000,0x00000000f4500000,0x00000000fa280000)
 ParOldGen       total 680960K, used 661087K [0x0000000080000000, 0x00000000a9900000, 0x00000000d5580000)
  object space 680960K, 97% used [0x0000000080000000,0x00000000a8597d98,0x00000000a9900000)
 Metaspace       used 141514K, capacity 145860K, committed 145920K, reserved 1177600K
  class space    used 17194K, capacity 17917K, committed 17920K, reserved 1048576K
}
Event: 877.036 GC heap before
{Heap before GC invocations=100 (full 6):
 PSYoungGen      total 570368K, used 62973K [0x00000000d5580000, 0x0000000100000000, 0x0000000100000000)
  eden space 507392K, 0% used [0x00000000d5580000,0x00000000d5580000,0x00000000f4500000)
  from space 62976K, 99% used [0x00000000fc280000,0x00000000fffff4e0,0x0000000100000000)
  to   space 95744K, 0% used [0x00000000f4500000,0x00000000f4500000,0x00000000fa280000)
 ParOldGen       total 680960K, used 661087K [0x0000000080000000, 0x00000000a9900000, 0x00000000d5580000)
  object space 680960K, 97% used [0x0000000080000000,0x00000000a8597d98,0x00000000a9900000)
 Metaspace       used 141514K, capacity 145860K, committed 145920K, reserved 1177600K
  class space    used 17194K, capacity 17917K, committed 17920K, reserved 1048576K

Deoptimization events (10 events):
Event: 877.014 Thread 0x0000000038f35000 Uncommon trap: reason=unhandled action=none pc=0x0000000007caf090 method=groovy.lang.Binding.getVariable(Ljava/lang/String;)Ljava/lang/Object; @ 60
Event: 877.014 Thread 0x0000000038f35000 Uncommon trap: reason=unhandled action=none pc=0x0000000007caf090 method=groovy.lang.Binding.getVariable(Ljava/lang/String;)Ljava/lang/Object; @ 60
Event: 877.014 Thread 0x0000000038f35000 Uncommon trap: reason=unhandled action=none pc=0x0000000007caf090 method=groovy.lang.Binding.getVariable(Ljava/lang/String;)Ljava/lang/Object; @ 60
Event: 877.014 Thread 0x0000000038f35000 Uncommon trap: reason=unhandled action=none pc=0x0000000007caf090 method=groovy.lang.Binding.getVariable(Ljava/lang/String;)Ljava/lang/Object; @ 60
Event: 877.014 Thread 0x0000000038f35000 Uncommon trap: reason=unhandled action=none pc=0x0000000007caf090 method=groovy.lang.Binding.getVariable(Ljava/lang/String;)Ljava/lang/Object; @ 60
Event: 877.015 Thread 0x0000000038f35000 Uncommon trap: reason=unhandled action=none pc=0x0000000007caf090 method=groovy.lang.Binding.getVariable(Ljava/lang/String;)Ljava/lang/Object; @ 60
Event: 877.015 Thread 0x0000000038f35000 Uncommon trap: reason=unhandled action=none pc=0x0000000007caf090 method=groovy.lang.Binding.getVariable(Ljava/lang/String;)Ljava/lang/Object; @ 60
Event: 877.015 Thread 0x0000000038f35000 Uncommon trap: reason=unhandled action=none pc=0x0000000007caf090 method=groovy.lang.Binding.getVariable(Ljava/lang/String;)Ljava/lang/Object; @ 60
Event: 877.015 Thread 0x0000000038f35000 Uncommon trap: reason=unhandled action=none pc=0x0000000007caf090 method=groovy.lang.Binding.getVariable(Ljava/lang/String;)Ljava/lang/Object; @ 60
Event: 877.015 Thread 0x0000000038f35000 Uncommon trap: reason=unhandled action=none pc=0x0000000007caf090 method=groovy.lang.Binding.getVariable(Ljava/lang/String;)Ljava/lang/Object; @ 60

Internal exceptions (10 events):
Event: 795.128 Thread 0x0000000038f35000 Exception <a 'java/lang/ClassNotFoundException': java/math/BigDecimalBeanInfo> (0x00000000e26dd970) thrown at [C:\re\workspace\8-2-build-windows-amd64-cygwin\jdk8u66\5298\hotspot\src\share\vm\classfile\systemDictionary.cpp, line 210]
Event: 795.131 Thread 0x0000000038f35000 Exception <a 'java/lang/ClassNotFoundException': java/math/BigDecimalCustomizer> (0x00000000e270bae8) thrown at [C:\re\workspace\8-2-build-windows-amd64-cygwin\jdk8u66\5298\hotspot\src\share\vm\classfile\systemDictionary.cpp, line 210]
Event: 795.139 Thread 0x0000000038f35000 Exception <a 'java/lang/ClassNotFoundException': java/lang/MathBeanInfo> (0x00000000e27dfd28) thrown at [C:\re\workspace\8-2-build-windows-amd64-cygwin\jdk8u66\5298\hotspot\src\share\vm\classfile\systemDictionary.cpp, line 210]
Event: 795.141 Thread 0x0000000038f35000 Exception <a 'java/lang/ClassNotFoundException': java/lang/MathCustomizer> (0x00000000e2809a10) thrown at [C:\re\workspace\8-2-build-windows-amd64-cygwin\jdk8u66\5298\hotspot\src\share\vm\classfile\systemDictionary.cpp, line 210]
Event: 836.793 Thread 0x0000000038f35000 Exception <a 'java/security/PrivilegedActionException'> (0x00000000f2407678) thrown at [C:\re\workspace\8-2-build-windows-amd64-cygwin\jdk8u66\5298\hotspot\src\share\vm\prims\jvm.cpp, line 1386]
Event: 836.793 Thread 0x0000000038f35000 Exception <a 'java/security/PrivilegedActionException'> (0x00000000f2407a70) thrown at [C:\re\workspace\8-2-build-windows-amd64-cygwin\jdk8u66\5298\hotspot\src\share\vm\prims\jvm.cpp, line 1386]
Event: 836.795 Thread 0x0000000038f35000 Exception <a 'java/security/PrivilegedActionException'> (0x00000000f244c538) thrown at [C:\re\workspace\8-2-build-windows-amd64-cygwin\jdk8u66\5298\hotspot\src\share\vm\prims\jvm.cpp, line 1386]
Event: 836.795 Thread 0x0000000038f35000 Exception <a 'java/security/PrivilegedActionException'> (0x00000000f244c930) thrown at [C:\re\workspace\8-2-build-windows-amd64-cygwin\jdk8u66\5298\hotspot\src\share\vm\prims\jvm.cpp, line 1386]
Event: 836.821 Thread 0x0000000038f35000 Exception <a 'java/lang/ClassNotFoundException': Script1BeanInfo> (0x00000000f29c84b0) thrown at [C:\re\workspace\8-2-build-windows-amd64-cygwin\jdk8u66\5298\hotspot\src\share\vm\classfile\systemDictionary.cpp, line 210]
Event: 836.824 Thread 0x0000000038f35000 Exception <a 'java/lang/ClassNotFoundException': Script1Customizer> (0x00000000f2a2d620) thrown at [C:\re\workspace\8-2-build-windows-amd64-cygwin\jdk8u66\5298\hotspot\src\share\vm\classfile\systemDictionary.cpp, line 210]

Events (10 events):
Event: 877.015 Thread 0x0000000038f35000 DEOPT PACKING pc=0x0000000007caf090 sp=0x000000004e85e820
Event: 877.015 Thread 0x0000000038f35000 DEOPT UNPACKING pc=0x000000000365582a sp=0x000000004e85e810 mode 2
Event: 877.015 Thread 0x0000000038f35000 DEOPT PACKING pc=0x0000000007875808 sp=0x000000004e85e8b0
Event: 877.015 Thread 0x0000000038f35000 DEOPT UNPACKING pc=0x000000000365787f sp=0x000000004e85e5e8 mode 1
Event: 877.015 Thread 0x0000000038f35000 Uncommon trap: trap_request=0xffffffa7 fr.pc=0x0000000007caf090
Event: 877.015 Thread 0x0000000038f35000 DEOPT PACKING pc=0x0000000007caf090 sp=0x000000004e85e9e0
Event: 877.015 Thread 0x0000000038f35000 DEOPT UNPACKING pc=0x000000000365582a sp=0x000000004e85e9d0 mode 2
Event: 877.015 Thread 0x0000000038f35000 DEOPT PACKING pc=0x0000000008471394 sp=0x000000004e85ea70
Event: 877.015 Thread 0x0000000038f35000 DEOPT UNPACKING pc=0x000000000365787f sp=0x000000004e85e3f8 mode 1
Event: 877.015 Executing VM operation: ParallelGCFailedAllocation


Dynamic libraries:
0x00007ff6198a0000 - 0x00007ff6198d7000 	C:\Program Files\Java\jdk1.8.0_66\bin\javaw.exe
0x00007ff8edf20000 - 0x00007ff8ee101000 	C:\WINDOWS\SYSTEM32\ntdll.dll
0x00007ff8eb610000 - 0x00007ff8eb6c2000 	C:\WINDOWS\System32\KERNEL32.DLL
0x00007ff8ea490000 - 0x00007ff8ea703000 	C:\WINDOWS\System32\KERNELBASE.dll
0x00007ff8eb730000 - 0x00007ff8eb7d1000 	C:\WINDOWS\System32\ADVAPI32.dll
0x00007ff8ebb20000 - 0x00007ff8ebbbe000 	C:\WINDOWS\System32\msvcrt.dll
0x00007ff8eb430000 - 0x00007ff8eb48b000 	C:\WINDOWS\System32\sechost.dll
0x00007ff8ebd90000 - 0x00007ff8ebeb4000 	C:\WINDOWS\System32\RPCRT4.dll
0x00007ff8ebbc0000 - 0x00007ff8ebd50000 	C:\WINDOWS\System32\USER32.dll
0x00007ff8ea2c0000 - 0x00007ff8ea2e0000 	C:\WINDOWS\System32\win32u.dll
0x00007ff8ebd50000 - 0x00007ff8ebd78000 	C:\WINDOWS\System32\GDI32.dll
0x00007ff8eaef0000 - 0x00007ff8eb082000 	C:\WINDOWS\System32\gdi32full.dll
0x00007ff8ea3f0000 - 0x00007ff8ea48f000 	C:\WINDOWS\System32\msvcp_win.dll
0x00007ff8eb280000 - 0x00007ff8eb37a000 	C:\WINDOWS\System32\ucrtbase.dll
0x00007ff8db320000 - 0x00007ff8db589000 	C:\WINDOWS\WinSxS\amd64_microsoft.windows.common-controls_6595b64144ccf1df_6.0.17134.228_none_fb4599993062b194\COMCTL32.dll
0x00007ff8eb7f0000 - 0x00007ff8ebb13000 	C:\WINDOWS\System32\combase.dll
0x00007ff8ea710000 - 0x00007ff8ea78a000 	C:\WINDOWS\System32\bcryptPrimitives.dll
0x00007ff8eddc0000 - 0x00007ff8edded000 	C:\WINDOWS\System32\IMM32.DLL
0x00000000689a0000 - 0x0000000068a72000 	C:\Program Files\Java\jdk1.8.0_66\jre\bin\msvcr100.dll
0x0000000066120000 - 0x00000000669a9000 	C:\Program Files\Java\jdk1.8.0_66\jre\bin\server\jvm.dll
0x00007ff8ebd80000 - 0x00007ff8ebd88000 	C:\WINDOWS\System32\PSAPI.DLL
0x00007ff8de8d0000 - 0x00007ff8de8f3000 	C:\WINDOWS\SYSTEM32\WINMM.dll
0x00007ff8df330000 - 0x00007ff8df339000 	C:\WINDOWS\SYSTEM32\WSOCK32.dll
0x00007ff8dfb50000 - 0x00007ff8dfb5a000 	C:\WINDOWS\SYSTEM32\VERSION.dll
0x00007ff8ec200000 - 0x00007ff8ec26c000 	C:\WINDOWS\System32\WS2_32.dll
0x00007ff8de250000 - 0x00007ff8de27a000 	C:\WINDOWS\SYSTEM32\WINMMBASE.dll
0x00007ff8ea790000 - 0x00007ff8ea7d9000 	C:\WINDOWS\System32\cfgmgr32.dll
0x0000000068af0000 - 0x0000000068aff000 	C:\Program Files\Java\jdk1.8.0_66\jre\bin\verify.dll
0x0000000068970000 - 0x0000000068999000 	C:\Program Files\Java\jdk1.8.0_66\jre\bin\java.dll
0x00000000660e0000 - 0x0000000066115000 	C:\Program Files\Java\jdk1.8.0_66\jre\bin\jdwp.dll
0x0000000068ae0000 - 0x0000000068ae8000 	C:\Program Files\Java\jdk1.8.0_66\jre\bin\npt.dll
0x0000000068950000 - 0x0000000068966000 	C:\Program Files\Java\jdk1.8.0_66\jre\bin\zip.dll
0x00007ff8ec500000 - 0x00007ff8ed940000 	C:\WINDOWS\System32\SHELL32.dll
0x00007ff8eb380000 - 0x00007ff8eb429000 	C:\WINDOWS\System32\shcore.dll
0x00007ff8ea7e0000 - 0x00007ff8eaeed000 	C:\WINDOWS\System32\windows.storage.dll
0x00007ff8eb490000 - 0x00007ff8eb4e1000 	C:\WINDOWS\System32\shlwapi.dll
0x00007ff8ea260000 - 0x00007ff8ea271000 	C:\WINDOWS\System32\kernel.appcore.dll
0x00007ff8ea280000 - 0x00007ff8ea29f000 	C:\WINDOWS\System32\profapi.dll
0x00007ff8ea210000 - 0x00007ff8ea25c000 	C:\WINDOWS\System32\powrprof.dll
0x00007ff8ea200000 - 0x00007ff8ea20a000 	C:\WINDOWS\System32\FLTLIB.DLL
0x0000000068940000 - 0x0000000068949000 	C:\Program Files\Java\jdk1.8.0_66\jre\bin\dt_socket.dll
0x00007ff8e9a20000 - 0x00007ff8e9a86000 	C:\WINDOWS\system32\mswsock.dll
0x0000000065f40000 - 0x00000000660d8000 	C:\Program Files\Java\jdk1.8.0_66\jre\bin\awt.dll
0x00007ff8eddf0000 - 0x00007ff8edeb2000 	C:\WINDOWS\System32\OLEAUT32.dll
0x00007ff8e6200000 - 0x00007ff8e628b000 	C:\WINDOWS\SYSTEM32\apphelp.dll
0x00007ff8e82b0000 - 0x00007ff8e8348000 	C:\WINDOWS\system32\uxtheme.dll
0x00007ff8ec020000 - 0x00007ff8ec195000 	C:\WINDOWS\System32\MSCTF.dll
0x00007ff8e84e0000 - 0x00007ff8e8509000 	C:\WINDOWS\system32\dwmapi.dll
0x00007ff8ebec0000 - 0x00007ff8ec011000 	C:\WINDOWS\System32\ole32.dll
0x00007ff8de530000 - 0x00007ff8de6c7000 	C:\WINDOWS\system32\d3d9.dll
0x00007ff8e10f0000 - 0x00007ff8e11da000 	C:\WINDOWS\System32\DriverStore\FileRepository\nv_ref_pubwu.inf_amd64_2e7fa54192fe16d0\nvldumdx.dll
0x00007ff8eb090000 - 0x00007ff8eb272000 	C:\WINDOWS\System32\crypt32.dll
0x00007ff8ea2a0000 - 0x00007ff8ea2b2000 	C:\WINDOWS\System32\MSASN1.dll
0x00007ff8e9bd0000 - 0x00007ff8e9be7000 	C:\WINDOWS\SYSTEM32\CRYPTSP.dll
0x00007ff8e9600000 - 0x00007ff8e9633000 	C:\WINDOWS\system32\rsaenh.dll
0x00007ff8e9d00000 - 0x00007ff8e9d25000 	C:\WINDOWS\SYSTEM32\bcrypt.dll
0x00007ff8e9bf0000 - 0x00007ff8e9bfb000 	C:\WINDOWS\SYSTEM32\CRYPTBASE.dll
0x00007ff8af5c0000 - 0x00007ff8b0796000 	C:\WINDOWS\System32\DriverStore\FileRepository\nv_ref_pubwu.inf_amd64_2e7fa54192fe16d0\nvd3dumx.dll
0x0000000180000000 - 0x0000000180179000 	C:\WINDOWS\system32\nvspcap64.dll
0x00007ff8ea100000 - 0x00007ff8ea128000 	C:\WINDOWS\SYSTEM32\USERENV.dll
0x0000000065f20000 - 0x0000000065f3a000 	C:\Program Files\Java\jdk1.8.0_66\jre\bin\net.dll
0x00007ff8e97a0000 - 0x00007ff8e97d8000 	C:\WINDOWS\SYSTEM32\IPHLPAPI.DLL
0x00007ff8eddb0000 - 0x00007ff8eddb8000 	C:\WINDOWS\System32\NSI.dll
0x00007ff8e78e0000 - 0x00007ff8e78f6000 	C:\WINDOWS\SYSTEM32\dhcpcsvc6.DLL
0x00007ff8e74e0000 - 0x00007ff8e74fa000 	C:\WINDOWS\SYSTEM32\dhcpcsvc.DLL
0x0000000065f00000 - 0x0000000065f11000 	C:\Program Files\Java\jdk1.8.0_66\jre\bin\nio.dll
0x0000000065eb0000 - 0x0000000065ef7000 	C:\Program Files\Java\jdk1.8.0_66\jre\bin\fontmanager.dll
0x00007ff8eb4f0000 - 0x00007ff8eb590000 	C:\WINDOWS\System32\clbcatq.dll
0x00007ff8e7700000 - 0x00007ff8e78ae000 	C:\WINDOWS\SYSTEM32\WindowsCodecs.dll
0x00007ff8d0430000 - 0x00007ff8d0488000 	C:\WINDOWS\system32\dataexchange.dll
0x00007ff8e4e60000 - 0x00007ff8e516b000 	C:\WINDOWS\system32\d3d11.dll
0x00007ff8e57c0000 - 0x00007ff8e595c000 	C:\WINDOWS\system32\dcomp.dll
0x00007ff8e8d90000 - 0x00007ff8e8e4b000 	C:\WINDOWS\system32\dxgi.dll
0x00007ff8e86a0000 - 0x00007ff8e8858000 	C:\WINDOWS\system32\twinapi.appcore.dll
0x00007ff8e8670000 - 0x00007ff8e8691000 	C:\WINDOWS\system32\RMCLIENT.dll
0x0000000065e60000 - 0x0000000065ea2000 	C:\Program Files\Java\jdk1.8.0_66\jre\bin\t2k.dll
0x0000000065e20000 - 0x0000000065e51000 	C:\Program Files\Java\jdk1.8.0_66\jre\bin\jpeg.dll
0x0000000065de0000 - 0x0000000065e1c000 	C:\Program Files\Java\jdk1.8.0_66\jre\bin\lcms.dll
0x00007ff8dff10000 - 0x00007ff8dffa7000 	C:\WINDOWS\System32\TextInputFramework.dll
0x00007ff8e5960000 - 0x00007ff8e5a3a000 	C:\WINDOWS\System32\CoreMessaging.dll
0x00007ff8dffb0000 - 0x00007ff8e02ce000 	C:\WINDOWS\System32\CoreUIComponents.dll
0x00007ff8e92c0000 - 0x00007ff8e92f1000 	C:\WINDOWS\SYSTEM32\ntmarta.dll
0x00007ff8e6960000 - 0x00007ff8e6aad000 	C:\WINDOWS\SYSTEM32\wintypes.dll
0x0000000065db0000 - 0x0000000065dd4000 	C:\Program Files\Java\jdk1.8.0_66\jre\bin\sunec.dll
0x00007ff8e3720000 - 0x00007ff8e3736000 	C:\WINDOWS\system32\napinsp.dll
0x00007ff8e3740000 - 0x00007ff8e375a000 	C:\WINDOWS\system32\pnrpnsp.dll
0x00007ff8e45e0000 - 0x00007ff8e45f9000 	C:\WINDOWS\system32\NLAapi.dll
0x00007ff8e97e0000 - 0x00007ff8e989e000 	C:\WINDOWS\SYSTEM32\DNSAPI.dll
0x00007ff8e3e30000 - 0x00007ff8e3e3e000 	C:\WINDOWS\System32\winrnr.dll
0x00007ff8e43d0000 - 0x00007ff8e43da000 	C:\Windows\System32\rasadhlp.dll
0x00007ff8e7900000 - 0x00007ff8e7972000 	C:\WINDOWS\System32\fwpuclnt.dll
0x0000000068900000 - 0x000000006890d000 	C:\Program Files\Java\jdk1.8.0_66\jre\bin\management.dll
0x00007ff8e2b70000 - 0x00007ff8e2d39000 	C:\WINDOWS\SYSTEM32\dbghelp.dll

VM Arguments:
jvm_args: -Xmx2048M -Xdebug -Xrunjdwp:server=y,transport=dt_socket,address=4000,suspend=n -Dfile.encoding=UTF-8 
java_command: org.integratedmodelling.klab.clitool.Main -network
java_class_path (initial): C:\Program Files\Java\jdk1.8.0_66\jre\lib\resources.jar;C:\Program Files\Java\jdk1.8.0_66\jre\lib\rt.jar;C:\Program Files\Java\jdk1.8.0_66\jre\lib\jsse.jar;C:\Program Files\Java\jdk1.8.0_66\jre\lib\jce.jar;C:\Program Files\Java\jdk1.8.0_66\jre\lib\charsets.jar;C:\Program Files\Java\jdk1.8.0_66\jre\lib\jfr.jar;C:\Program Files\Java\jdk1.8.0_66\jre\lib\ext\access-bridge-64.jar;C:\Program Files\Java\jdk1.8.0_66\jre\lib\ext\cldrdata.jar;C:\Program Files\Java\jdk1.8.0_66\jre\lib\ext\dnsns.jar;C:\Program Files\Java\jdk1.8.0_66\jre\lib\ext\jaccess.jar;C:\Program Files\Java\jdk1.8.0_66\jre\lib\ext\jfxrt.jar;C:\Program Files\Java\jdk1.8.0_66\jre\lib\ext\localedata.jar;C:\Program Files\Java\jdk1.8.0_66\jre\lib\ext\nashorn.jar;C:\Program Files\Java\jdk1.8.0_66\jre\lib\ext\sunec.jar;C:\Program Files\Java\jdk1.8.0_66\jre\lib\ext\sunjce_provider.jar;C:\Program Files\Java\jdk1.8.0_66\jre\lib\ext\sunmscapi.jar;C:\Program Files\Java\jdk1.8.0_66\jre\lib\ext\sunpkcs11.jar;C:\Program Files\Java\jdk1.8.0_66\jre\lib\ext\zipfs.jar;C:\Users\ferdinando.villa\git3\klab\klab.tools\target\classes;C:\Users\ferdinando.villa\git3\klab\klab.modeler\target\classes;C:\Users\ferdinando.villa\.groovy\greclipse\global_dsld_support;C:\Users\ferdinando.villa\Desktop\eclipse\4.7\plugins\org.codehaus.groovy_2.5.0.xx-201801041714-e47-RELEASE\plugin_dsld_support\;C:\Users\ferdinando.villa\git3\klab\adapters\klab.ogc\target\classes;C:\Users\ferdinando.villa\.m2\repository\org\geotools\xsd\gt-xsd-wcs\19-SNAPSHOT\gt-xsd-wcs-19-SNAPSHOT.jar;C:\Users\ferdinando.villa\.m2\repository\org\geotools\xsd\gt-xsd-core\19-SNAPSHOT\gt-xsd-core-19-SNAPSHOT.jar;C:\Users\ferdinando.villa\.m2\repository\picocontainer\picocontainer\1.2\picocontainer-1.2.jar;C:\Users\ferdinando.villa\.m2\repository\commons-jxpath\commons-jxpath\1.3\commons-jxpath-1.3.jar;C:\Users\ferdinando.villa\.m2\repository\org\eclipse\xsd\org.eclipse.xsd\2.12.0\org.eclipse.xsd-2.12.0.jar;C:\Users\ferdinando.villa\.m2\repository\
Launcher Type: SUN_STANDARD

Environment Variables:
JAVA_HOME=C:\Program Files\Java\jdk1.8.0_66
JRE_HOME=C:\GeoNode-2.6.x\jre
PATH=C:\ProgramData\Oracle\Java\javapath;C:\Program Files\ImageMagick-7.0.4-Q16;%JAVA_HOME%\bin;C:\Python34\;C:\Python34\Scripts;C:\Program Files (x86)\NVIDIA Corporation\PhysX\Common;C:\Windows\system32;C:\Windows;C:\Windows\System32\Wbem;C:\Windows\System32\WindowsPowerShell\v1.0\;C:\apache-maven-3.2.1\bin;C:\Program Files (x86)\QuickTime\QTSystem\;C:\Program Files (x86)\Windows Kits\8.1\Windows Performance Toolkit\;C:\Program Files\Microsoft SQL Server\110\Tools\Binn\;C:\Program Files (x86)\openModeller 1.4.0;C:\Program Files (x86)\MiKTeX 2.9\miktex\bin\;C:\ProgramData\chocolatey\bin;C:\WINDOWS\system32;C:\WINDOWS;C:\WINDOWS\System32\Wbem;C:\WINDOWS\System32\WindowsPowerShell\v1.0\;C:\Users\ferdinando.villa\AppData\Local\Programs\Eclipse-Che-3.12\tools\apache-maven\bin;C:\Users\ferdinando.villa\AppData\Local\Programs\Eclipse-Che-3.12\tools\jre\bin;C:\Program Files (x86)\GNU\GnuPG\pub;C:\nodejs\;C:\Program Files (x86)\ChucK\/bin;C:\WINDOWS\System32\OpenSSH\;C:\Program Files\Java\jdk1.8.0_66\bin;C:\Users\ferdinando.villa\AppData\Local\Pandoc\;C:\Program Files\Docker Toolbox;C:\Program Files\GDAL;C:\Users\ferdinando.villa\AppData\Local\Microsoft\WindowsApps;C:\MinGW\bin;C:\Users\ferdinando.villa\AppData\Roaming\npm;C:\spark\bin;C:\Users\ferdinando.villa\AppData\Local\atom\bin
USERNAME=ferdinando.villa
OS=Windows_NT
PROCESSOR_IDENTIFIER=Intel64 Family 6 Model 58 Stepping 9, GenuineIntel



---------------  S Y S T E M  ---------------

OS: Windows 10.0 , 64 bit Build 17134 (10.0.17134.1)

CPU:total 8 (4 cores per cpu, 2 threads per core) family 6 model 58 stepping 9, cmov, cx8, fxsr, mmx, sse, sse2, sse3, ssse3, sse4.1, sse4.2, popcnt, avx, aes, clmul, erms, ht, tsc, tscinvbit, tscinv

Memory: 4k page, physical 16683756k(3799144k free), swap 26038172k(6362136k free)

vm_info: Java HotSpot(TM) 64-Bit Server VM (25.66-b18) for windows-amd64 JRE (1.8.0_66-b18), built on Nov  9 2015 10:51:13 by "java_re" with MS VC++ 10.0 (VS2010)

time: Tue Sep 04 13:47:15 2018
elapsed time: 877 seconds (0d 0h 14m 37s)

